#
# A fatal error has been detected by the Java Runtime Environment:
#
#  EXCEPTION_ACCESS_VIOLATION (0xc0000005) at pc=0x00007ffffb476c7d, pid=13784, tid=3588
#
# JRE version: Java(TM) SE Runtime Environment (14.0.1+7) (build 14.0.1+7)
# Java VM: Java HotSpot(TM) 64-Bit Server VM (14.0.1+7, mixed mode, sharing, tiered, compressed oops, g1 gc, windows-amd64)
# Problematic frame:
# V  [jvm.dll+0x206c7d]
#
# No core dump will be written. Minidumps are not enabled by default on client versions of Windows
#
# If you would like to submit a bug report, please visit:
#   https://bugreport.java.com/bugreport/crash.jsp
#

---------------  S U M M A R Y ------------

Command Line: -XX:+ShowCodeDetailsInExceptionMessages -agentlib:jdwp=transport=dt_socket,suspend=y,address=localhost:62757 -javaagent:C:\Users\dw1b\eclipse\java-2020-09\eclipse\configuration\org.eclipse.osgi\215\0\.cp\lib\javaagent-shaded.jar -Dfile.encoding=Cp1252 ej2.E2

Host: Intel(R) Core(TM) i7-7700 CPU @ 3.60GHz, 8 cores, 15G,  Windows 10 , 64 bit Build 19041 (10.0.19041.662)
Time: Thu Jan 21 09:15:34 2021 Hora estándar romance elapsed time: 2695 seconds (0d 0h 44m 55s)

---------------  T H R E A D  ---------------

Current thread (0x000001b25f98f000):  JavaThread "main" [_thread_in_vm, id=3588, stack(0x000000234ea00000,0x000000234eb00000)]

Stack: [0x000000234ea00000,0x000000234eb00000],  sp=0x000000234eafef90,  free space=1019k
Native frames: (J=compiled Java code, j=interpreted, Vv=VM code, C=native code)
V  [jvm.dll+0x206c7d]
V  [jvm.dll+0x3368f9]
C  0x000001b26816fa00

Java frames: (J=compiled Java code, j=interpreted, Vv=VM code)
j  ej2.E2.main([Ljava/lang/String;)V+17
v  ~StubRoutines::call_stub

siginfo: EXCEPTION_ACCESS_VIOLATION (0xc0000005), reading address 0x000001b27fc475a0


Register to memory mapping:

RIP=0x00007ffffb476c7d jvm.dll
RAX=0x000001b27fbd8618 is pointing into metadata
RBX=0x0000000000000040 is an unknown value
RCX=0x000001b27fbd8190 is pointing into metadata
RDX=0x000000000000001c is an unknown value
RSP=0x000000234eafef90 is pointing into the stack for thread: 0x000001b25f98f000
RBP=0x000000234eaff0c0 is pointing into the stack for thread: 0x000001b25f98f000
RSI=0x000001b25f98f000 is a thread
RDI=0x0000000000000064 is an unknown value
R8 =0x0000000000000001 is an unknown value
R9 =0x000000000000001c is an unknown value
R10=0x000000000000ddf0 is an unknown value
R11={method} {0x000001b27fbd8ee8} 'main' '([Ljava/lang/String;)V' in 'ej2/E2'
R12=0x0 is NULL
R13=0x000000000006ef80 is an unknown value
R14=0x000000234eaff030 is pointing into the stack for thread: 0x000001b25f98f000
R15=0x000001b25f98f000 is a thread


Registers:
RAX=0x000001b27fbd8618, RBX=0x0000000000000040, RCX=0x000001b27fbd8190, RDX=0x000000000000001c
RSP=0x000000234eafef90, RBP=0x000000234eaff0c0, RSI=0x000001b25f98f000, RDI=0x0000000000000064
R8 =0x0000000000000001, R9 =0x000000000000001c, R10=0x000000000000ddf0, R11=0x000001b27fbd8ee0
R12=0x0000000000000000, R13=0x000000000006ef80, R14=0x000000234eaff030, R15=0x000001b25f98f000
RIP=0x00007ffffb476c7d, EFLAGS=0x0000000000010203

Top of Stack: (sp=0x000000234eafef90)
0x000000234eafef90:   000001b25f98f000 0000000000000000
0x000000234eafefa0:   000001b27fbd8e61 00007ffffb5a6af6
0x000000234eafefb0:   000001b27fbd8e5f 00007ffffb5a6af6
0x000000234eafefc0:   000001b26814cda9 000001b2681689b7
0x000000234eafefd0:   000000234eaff070 000001b2681516f3
0x000000234eafefe0:   000001b268148a90 000000234eaff0f0
0x000000234eafeff0:   000001b27fbd8e61 000000000000001c
0x000000234eaff000:   000001b25f98f000 00007ffffb5a68f9
0x000000234eaff010:   000001b25f98f000 000000000000001c
0x000000234eaff020:   000000234eaff001 000000234eaff070
0x000000234eaff030:   000001b27fbd8190 000001b25f98f000
0x000000234eaff040:   000001b26814cda9 000001b26816fa00
0x000000234eaff050:   000001b27fbd8190 00000000000000bd
0x000000234eaff060:   0000000000000000 000001b2681516f3
0x000000234eaff070:   000001b26816f9a4 000000234eaff078
0x000000234eaff080:   000001b27fbd8e61 000000234eaff0f0 

Instructions: (pc=0x00007ffffb476c7d)
0x00007ffffb476b7d:   41 8d 50 08 e8 3a 56 ea ff eb 04 48 89 4e 18 48
0x00007ffffb476b8d:   89 28 4d 8b cd 4c 8b c3 48 8b d0 49 8b cc e8 f0
0x00007ffffb476b9d:   21 4c 00 4c 8b 6c 24 28 48 8b d8 4c 8b 64 24 30
0x00007ffffb476bad:   48 8b 74 24 40 48 8b 6c 24 48 48 85 c0 74 69 8b
0x00007ffffb476bbd:   0d be 3c 85 00 83 f9 02 74 5e 48 8d 54 24 60 48
0x00007ffffb476bcd:   89 7c 24 60 48 8d 4c 24 70 e8 25 f8 07 00 8b 4b
0x00007ffffb476bdd:   08 81 c1 00 00 00 40 81 f9 00 00 00 40 76 17 49
0x00007ffffb476bed:   8b 0f 41 b0 01 4c 8b 4c 24 60 48 8b d3 48 8b 49
0x00007ffffb476bfd:   18 e8 2d 72 2e 00 48 8b 4c 24 60 48 39 79 08 74
0x00007ffffb476c0d:   07 e8 0d ff 07 00 eb 03 48 8b fb 48 8d 4c 24 70
0x00007ffffb476c1d:   e8 5e f8 07 00 48 8b c7 48 8b 5c 24 68 48 8b 7c
0x00007ffffb476c2d:   24 38 48 83 c4 50 41 5f c3 cc cc cc cc cc cc cc
0x00007ffffb476c3d:   cc cc cc 44 88 44 24 18 89 54 24 10 53 56 41 55
0x00007ffffb476c4d:   41 56 48 83 ec 58 49 8b f1 4c 8b f1 48 8b 09 4c
0x00007ffffb476c5d:   63 ca 46 8b 54 c9 40 41 8b c2 45 0f b7 d2 c1 f8
0x00007ffffb476c6d:   10 4e 8d 2c d5 00 00 00 00 0f b7 d8 48 8b 41 28
0x00007ffffb476c7d:   4a 8b 44 28 08 48 85 c0 0f 85 74 02 00 00 48 8b
0x00007ffffb476c8d:   41 08 42 0f b6 44 08 04 3c 67 75 2f 4c 8b c6 41
0x00007ffffb476c9d:   8b d1 49 8b ce e8 c9 25 00 00 48 83 7e 08 00 0f
0x00007ffffb476cad:   85 08 02 00 00 ba e6 01 00 00 48 8d 0d ea 7b 63
0x00007ffffb476cbd:   00 e8 8d 64 00 00 e8 98 12 3f 00 49 8b 0e 48 89
0x00007ffffb476ccd:   6c 24 50 48 89 7c 24 48 4c 89 64 24 40 48 8b 44
0x00007ffffb476cdd:   d9 40 48 89 84 24 80 00 00 00 48 8b 41 18 4c 89
0x00007ffffb476ced:   7c 24 38 45 33 ff 48 8b 88 98 00 00 00 48 8b 49
0x00007ffffb476cfd:   08 48 85 c9 74 60 ff 15 ff 02 7b 00 48 8b e8 48
0x00007ffffb476d0d:   85 c0 74 52 48 8b 9e 80 02 00 00 48 8b 7b 18 48
0x00007ffffb476d1d:   83 ff f7 76 17 4c 8d 05 57 5e 60 00 48 8b cb 41
0x00007ffffb476d2d:   8d 57 08 e8 eb 57 ea ff 48 8b 7b 18 48 8d 47 08
0x00007ffffb476d3d:   48 3b 43 20 76 17 45 33 c0 48 8b cb 41 8d 50 08
0x00007ffffb476d4d:   e8 6e 54 ea ff 48 8b f8 48 89 28 eb 0c 48 89 43
0x00007ffffb476d5d:   18 48 89 2f eb 03 49 8b ff 49 8b 06 48 8b 48 18
0x00007ffffb476d6d:   48 8b 01 ff 90 c8 00 00 00 4c 8b e0 48 85 c0 75 


Stack slot to memory mapping:
stack at sp + 0 slots: 0x000001b25f98f000 is a thread
stack at sp + 1 slots: 0x0 is NULL
stack at sp + 2 slots: 0x000001b27fbd8e61 is pointing into metadata
stack at sp + 3 slots: 0x00007ffffb5a6af6 jvm.dll
stack at sp + 4 slots: 0x000001b27fbd8e5f is pointing into metadata
stack at sp + 5 slots: 0x00007ffffb5a6af6 jvm.dll
stack at sp + 6 slots: 0x000001b26814cda9 is at code_begin+7593 in an Interpreter codelet
invoke return entry points  [0x000001b26814b000, 0x000001b26814d0c0]  8384 bytes
stack at sp + 7 slots: 0x000001b2681689b7 is at code_begin+1879 in an Interpreter codelet
return  177 return  [0x000001b268168260, 0x000001b268168b60]  2304 bytes


---------------  P R O C E S S  ---------------

Threads class SMR info:
_java_thread_list=0x000001b2042e7030, length=14, elements={
0x000001b25f98f000, 0x000001b27f770000, 0x000001b27f771800, 0x000001b27f78c000,
0x000001b204014000, 0x000001b204015800, 0x000001b204024000, 0x000001b204026000,
0x000001b20402d800, 0x000001b204010800, 0x000001b204211000, 0x000001b204211800,
0x000001b204281000, 0x000001b20432c800
}

Java Threads: ( => current thread )
=>0x000001b25f98f000 JavaThread "main" [_thread_in_vm, id=3588, stack(0x000000234ea00000,0x000000234eb00000)]
  0x000001b27f770000 JavaThread "Reference Handler" daemon [_thread_blocked, id=3112, stack(0x000000234f100000,0x000000234f200000)]
  0x000001b27f771800 JavaThread "Finalizer" daemon [_thread_blocked, id=2288, stack(0x000000234f200000,0x000000234f300000)]
  0x000001b27f78c000 JavaThread "Signal Dispatcher" daemon [_thread_blocked, id=11580, stack(0x000000234f300000,0x000000234f400000)]
  0x000001b204014000 JavaThread "Attach Listener" daemon [_thread_blocked, id=9320, stack(0x000000234f400000,0x000000234f500000)]
  0x000001b204015800 JavaThread "Service Thread" daemon [_thread_blocked, id=1620, stack(0x000000234f500000,0x000000234f600000)]
  0x000001b204024000 JavaThread "C2 CompilerThread0" daemon [_thread_blocked, id=13400, stack(0x000000234f600000,0x000000234f700000)]
  0x000001b204026000 JavaThread "C1 CompilerThread0" daemon [_thread_blocked, id=8948, stack(0x000000234f700000,0x000000234f800000)]
  0x000001b20402d800 JavaThread "Sweeper thread" daemon [_thread_blocked, id=3628, stack(0x000000234f800000,0x000000234f900000)]
  0x000001b204010800 JavaThread "Common-Cleaner" daemon [_thread_blocked, id=10552, stack(0x000000234f900000,0x000000234fa00000)]
  0x000001b204211000 JavaThread "JDWP Transport Listener: dt_socket" daemon [_thread_blocked, id=9920, stack(0x000000234fb00000,0x000000234fc00000)]
  0x000001b204211800 JavaThread "JDWP Event Helper Thread" daemon [_thread_blocked, id=11484, stack(0x000000234fc00000,0x000000234fd00000)]
  0x000001b204281000 JavaThread "JDWP Command Reader" daemon [_thread_in_native, id=12508, stack(0x000000234fd00000,0x000000234fe00000)]
  0x000001b20432c800 JavaThread "Notification Thread" daemon [_thread_blocked, id=13780, stack(0x000000234fa00000,0x000000234fb00000)]

Other Threads:
  0x000001b27f76d000 VMThread "VM Thread" [stack: 0x000000234f000000,0x000000234f100000] [id=8924]
  0x000001b20432f800 WatcherThread [stack: 0x000000234fe00000,0x000000234ff00000] [id=4084]
  0x000001b25f9f8000 GCTaskThread "GC Thread#0" [stack: 0x000000234eb00000,0x000000234ec00000] [id=14256]
  0x000001b25fa19800 ConcurrentGCThread "G1 Main Marker" [stack: 0x000000234ec00000,0x000000234ed00000] [id=7248]
  0x000001b25fa1b000 ConcurrentGCThread "G1 Conc#0" [stack: 0x000000234ed00000,0x000000234ee00000] [id=10256]
  0x000001b27f65c800 ConcurrentGCThread "G1 Refine#0" [stack: 0x000000234ee00000,0x000000234ef00000] [id=11164]
  0x000001b27f65d800 ConcurrentGCThread "G1 Young RemSet Sampling" [stack: 0x000000234ef00000,0x000000234f000000] [id=1260]

Threads with active compile tasks:

VM state:not at safepoint (normal execution)

VM Mutex/Monitor currently owned by a thread: None

Heap address: 0x0000000701c00000, size: 4068 MB, Compressed Oops mode: Zero based, Oop shift amount: 3
Narrow klass base: 0x0000000800000000, Narrow klass shift: 3
Compressed class space size: 1073741824 Address: 0x0000000800b30000

Heap:
 garbage-first heap   total 262144K, used 4096K [0x0000000701c00000, 0x0000000800000000)
  region size 1024K, 5 young (5120K), 0 survivors (0K)
 Metaspace       used 2713K, capacity 4909K, committed 5120K, reserved 1056768K
  class space    used 254K, capacity 443K, committed 512K, reserved 1048576K
Heap Regions: E=young(eden), S=young(survivor), O=old, HS=humongous(starts), HC=humongous(continues), CS=collection set, F=free, OA=open archive, CA=closed archive, TAMS=top-at-mark-start (previous, next)
|   0|0x0000000701c00000, 0x0000000701c00000, 0x0000000701d00000|  0%| F|  |TAMS 0x0000000701c00000, 0x0000000701c00000| Untracked 
|   1|0x0000000701d00000, 0x0000000701d00000, 0x0000000701e00000|  0%| F|  |TAMS 0x0000000701d00000, 0x0000000701d00000| Untracked 
|   2|0x0000000701e00000, 0x0000000701e00000, 0x0000000701f00000|  0%| F|  |TAMS 0x0000000701e00000, 0x0000000701e00000| Untracked 
|   3|0x0000000701f00000, 0x0000000701f00000, 0x0000000702000000|  0%| F|  |TAMS 0x0000000701f00000, 0x0000000701f00000| Untracked 
|   4|0x0000000702000000, 0x0000000702000000, 0x0000000702100000|  0%| F|  |TAMS 0x0000000702000000, 0x0000000702000000| Untracked 
|   5|0x0000000702100000, 0x0000000702100000, 0x0000000702200000|  0%| F|  |TAMS 0x0000000702100000, 0x0000000702100000| Untracked 
|   6|0x0000000702200000, 0x0000000702200000, 0x0000000702300000|  0%| F|  |TAMS 0x0000000702200000, 0x0000000702200000| Untracked 
|   7|0x0000000702300000, 0x0000000702300000, 0x0000000702400000|  0%| F|  |TAMS 0x0000000702300000, 0x0000000702300000| Untracked 
|   8|0x0000000702400000, 0x0000000702400000, 0x0000000702500000|  0%| F|  |TAMS 0x0000000702400000, 0x0000000702400000| Untracked 
|   9|0x0000000702500000, 0x0000000702500000, 0x0000000702600000|  0%| F|  |TAMS 0x0000000702500000, 0x0000000702500000| Untracked 
|  10|0x0000000702600000, 0x0000000702600000, 0x0000000702700000|  0%| F|  |TAMS 0x0000000702600000, 0x0000000702600000| Untracked 
|  11|0x0000000702700000, 0x0000000702700000, 0x0000000702800000|  0%| F|  |TAMS 0x0000000702700000, 0x0000000702700000| Untracked 
|  12|0x0000000702800000, 0x0000000702800000, 0x0000000702900000|  0%| F|  |TAMS 0x0000000702800000, 0x0000000702800000| Untracked 
|  13|0x0000000702900000, 0x0000000702900000, 0x0000000702a00000|  0%| F|  |TAMS 0x0000000702900000, 0x0000000702900000| Untracked 
|  14|0x0000000702a00000, 0x0000000702a00000, 0x0000000702b00000|  0%| F|  |TAMS 0x0000000702a00000, 0x0000000702a00000| Untracked 
|  15|0x0000000702b00000, 0x0000000702b00000, 0x0000000702c00000|  0%| F|  |TAMS 0x0000000702b00000, 0x0000000702b00000| Untracked 
|  16|0x0000000702c00000, 0x0000000702c00000, 0x0000000702d00000|  0%| F|  |TAMS 0x0000000702c00000, 0x0000000702c00000| Untracked 
|  17|0x0000000702d00000, 0x0000000702d00000, 0x0000000702e00000|  0%| F|  |TAMS 0x0000000702d00000, 0x0000000702d00000| Untracked 
|  18|0x0000000702e00000, 0x0000000702e00000, 0x0000000702f00000|  0%| F|  |TAMS 0x0000000702e00000, 0x0000000702e00000| Untracked 
|  19|0x0000000702f00000, 0x0000000702f00000, 0x0000000703000000|  0%| F|  |TAMS 0x0000000702f00000, 0x0000000702f00000| Untracked 
|  20|0x0000000703000000, 0x0000000703000000, 0x0000000703100000|  0%| F|  |TAMS 0x0000000703000000, 0x0000000703000000| Untracked 
|  21|0x0000000703100000, 0x0000000703100000, 0x0000000703200000|  0%| F|  |TAMS 0x0000000703100000, 0x0000000703100000| Untracked 
|  22|0x0000000703200000, 0x0000000703200000, 0x0000000703300000|  0%| F|  |TAMS 0x0000000703200000, 0x0000000703200000| Untracked 
|  23|0x0000000703300000, 0x0000000703300000, 0x0000000703400000|  0%| F|  |TAMS 0x0000000703300000, 0x0000000703300000| Untracked 
|  24|0x0000000703400000, 0x0000000703400000, 0x0000000703500000|  0%| F|  |TAMS 0x0000000703400000, 0x0000000703400000| Untracked 
|  25|0x0000000703500000, 0x0000000703500000, 0x0000000703600000|  0%| F|  |TAMS 0x0000000703500000, 0x0000000703500000| Untracked 
|  26|0x0000000703600000, 0x0000000703600000, 0x0000000703700000|  0%| F|  |TAMS 0x0000000703600000, 0x0000000703600000| Untracked 
|  27|0x0000000703700000, 0x0000000703700000, 0x0000000703800000|  0%| F|  |TAMS 0x0000000703700000, 0x0000000703700000| Untracked 
|  28|0x0000000703800000, 0x0000000703800000, 0x0000000703900000|  0%| F|  |TAMS 0x0000000703800000, 0x0000000703800000| Untracked 
|  29|0x0000000703900000, 0x0000000703900000, 0x0000000703a00000|  0%| F|  |TAMS 0x0000000703900000, 0x0000000703900000| Untracked 
|  30|0x0000000703a00000, 0x0000000703a00000, 0x0000000703b00000|  0%| F|  |TAMS 0x0000000703a00000, 0x0000000703a00000| Untracked 
|  31|0x0000000703b00000, 0x0000000703b00000, 0x0000000703c00000|  0%| F|  |TAMS 0x0000000703b00000, 0x0000000703b00000| Untracked 
|  32|0x0000000703c00000, 0x0000000703c00000, 0x0000000703d00000|  0%| F|  |TAMS 0x0000000703c00000, 0x0000000703c00000| Untracked 
|  33|0x0000000703d00000, 0x0000000703d00000, 0x0000000703e00000|  0%| F|  |TAMS 0x0000000703d00000, 0x0000000703d00000| Untracked 
|  34|0x0000000703e00000, 0x0000000703e00000, 0x0000000703f00000|  0%| F|  |TAMS 0x0000000703e00000, 0x0000000703e00000| Untracked 
|  35|0x0000000703f00000, 0x0000000703f00000, 0x0000000704000000|  0%| F|  |TAMS 0x0000000703f00000, 0x0000000703f00000| Untracked 
|  36|0x0000000704000000, 0x0000000704000000, 0x0000000704100000|  0%| F|  |TAMS 0x0000000704000000, 0x0000000704000000| Untracked 
|  37|0x0000000704100000, 0x0000000704100000, 0x0000000704200000|  0%| F|  |TAMS 0x0000000704100000, 0x0000000704100000| Untracked 
|  38|0x0000000704200000, 0x0000000704200000, 0x0000000704300000|  0%| F|  |TAMS 0x0000000704200000, 0x0000000704200000| Untracked 
|  39|0x0000000704300000, 0x0000000704300000, 0x0000000704400000|  0%| F|  |TAMS 0x0000000704300000, 0x0000000704300000| Untracked 
|  40|0x0000000704400000, 0x0000000704400000, 0x0000000704500000|  0%| F|  |TAMS 0x0000000704400000, 0x0000000704400000| Untracked 
|  41|0x0000000704500000, 0x0000000704500000, 0x0000000704600000|  0%| F|  |TAMS 0x0000000704500000, 0x0000000704500000| Untracked 
|  42|0x0000000704600000, 0x0000000704600000, 0x0000000704700000|  0%| F|  |TAMS 0x0000000704600000, 0x0000000704600000| Untracked 
|  43|0x0000000704700000, 0x0000000704700000, 0x0000000704800000|  0%| F|  |TAMS 0x0000000704700000, 0x0000000704700000| Untracked 
|  44|0x0000000704800000, 0x0000000704800000, 0x0000000704900000|  0%| F|  |TAMS 0x0000000704800000, 0x0000000704800000| Untracked 
|  45|0x0000000704900000, 0x0000000704900000, 0x0000000704a00000|  0%| F|  |TAMS 0x0000000704900000, 0x0000000704900000| Untracked 
|  46|0x0000000704a00000, 0x0000000704a00000, 0x0000000704b00000|  0%| F|  |TAMS 0x0000000704a00000, 0x0000000704a00000| Untracked 
|  47|0x0000000704b00000, 0x0000000704b00000, 0x0000000704c00000|  0%| F|  |TAMS 0x0000000704b00000, 0x0000000704b00000| Untracked 
|  48|0x0000000704c00000, 0x0000000704c00000, 0x0000000704d00000|  0%| F|  |TAMS 0x0000000704c00000, 0x0000000704c00000| Untracked 
|  49|0x0000000704d00000, 0x0000000704d00000, 0x0000000704e00000|  0%| F|  |TAMS 0x0000000704d00000, 0x0000000704d00000| Untracked 
|  50|0x0000000704e00000, 0x0000000704e00000, 0x0000000704f00000|  0%| F|  |TAMS 0x0000000704e00000, 0x0000000704e00000| Untracked 
|  51|0x0000000704f00000, 0x0000000704f00000, 0x0000000705000000|  0%| F|  |TAMS 0x0000000704f00000, 0x0000000704f00000| Untracked 
|  52|0x0000000705000000, 0x0000000705000000, 0x0000000705100000|  0%| F|  |TAMS 0x0000000705000000, 0x0000000705000000| Untracked 
|  53|0x0000000705100000, 0x0000000705100000, 0x0000000705200000|  0%| F|  |TAMS 0x0000000705100000, 0x0000000705100000| Untracked 
|  54|0x0000000705200000, 0x0000000705200000, 0x0000000705300000|  0%| F|  |TAMS 0x0000000705200000, 0x0000000705200000| Untracked 
|  55|0x0000000705300000, 0x0000000705300000, 0x0000000705400000|  0%| F|  |TAMS 0x0000000705300000, 0x0000000705300000| Untracked 
|  56|0x0000000705400000, 0x0000000705400000, 0x0000000705500000|  0%| F|  |TAMS 0x0000000705400000, 0x0000000705400000| Untracked 
|  57|0x0000000705500000, 0x0000000705500000, 0x0000000705600000|  0%| F|  |TAMS 0x0000000705500000, 0x0000000705500000| Untracked 
|  58|0x0000000705600000, 0x0000000705600000, 0x0000000705700000|  0%| F|  |TAMS 0x0000000705600000, 0x0000000705600000| Untracked 
|  59|0x0000000705700000, 0x0000000705700000, 0x0000000705800000|  0%| F|  |TAMS 0x0000000705700000, 0x0000000705700000| Untracked 
|  60|0x0000000705800000, 0x0000000705800000, 0x0000000705900000|  0%| F|  |TAMS 0x0000000705800000, 0x0000000705800000| Untracked 
|  61|0x0000000705900000, 0x0000000705900000, 0x0000000705a00000|  0%| F|  |TAMS 0x0000000705900000, 0x0000000705900000| Untracked 
|  62|0x0000000705a00000, 0x0000000705a00000, 0x0000000705b00000|  0%| F|  |TAMS 0x0000000705a00000, 0x0000000705a00000| Untracked 
|  63|0x0000000705b00000, 0x0000000705b00000, 0x0000000705c00000|  0%| F|  |TAMS 0x0000000705b00000, 0x0000000705b00000| Untracked 
|  64|0x0000000705c00000, 0x0000000705c00000, 0x0000000705d00000|  0%| F|  |TAMS 0x0000000705c00000, 0x0000000705c00000| Untracked 
|  65|0x0000000705d00000, 0x0000000705d00000, 0x0000000705e00000|  0%| F|  |TAMS 0x0000000705d00000, 0x0000000705d00000| Untracked 
|  66|0x0000000705e00000, 0x0000000705e00000, 0x0000000705f00000|  0%| F|  |TAMS 0x0000000705e00000, 0x0000000705e00000| Untracked 
|  67|0x0000000705f00000, 0x0000000705f00000, 0x0000000706000000|  0%| F|  |TAMS 0x0000000705f00000, 0x0000000705f00000| Untracked 
|  68|0x0000000706000000, 0x0000000706000000, 0x0000000706100000|  0%| F|  |TAMS 0x0000000706000000, 0x0000000706000000| Untracked 
|  69|0x0000000706100000, 0x0000000706100000, 0x0000000706200000|  0%| F|  |TAMS 0x0000000706100000, 0x0000000706100000| Untracked 
|  70|0x0000000706200000, 0x0000000706200000, 0x0000000706300000|  0%| F|  |TAMS 0x0000000706200000, 0x0000000706200000| Untracked 
|  71|0x0000000706300000, 0x0000000706300000, 0x0000000706400000|  0%| F|  |TAMS 0x0000000706300000, 0x0000000706300000| Untracked 
|  72|0x0000000706400000, 0x0000000706400000, 0x0000000706500000|  0%| F|  |TAMS 0x0000000706400000, 0x0000000706400000| Untracked 
|  73|0x0000000706500000, 0x0000000706500000, 0x0000000706600000|  0%| F|  |TAMS 0x0000000706500000, 0x0000000706500000| Untracked 
|  74|0x0000000706600000, 0x0000000706600000, 0x0000000706700000|  0%| F|  |TAMS 0x0000000706600000, 0x0000000706600000| Untracked 
|  75|0x0000000706700000, 0x0000000706700000, 0x0000000706800000|  0%| F|  |TAMS 0x0000000706700000, 0x0000000706700000| Untracked 
|  76|0x0000000706800000, 0x0000000706800000, 0x0000000706900000|  0%| F|  |TAMS 0x0000000706800000, 0x0000000706800000| Untracked 
|  77|0x0000000706900000, 0x0000000706900000, 0x0000000706a00000|  0%| F|  |TAMS 0x0000000706900000, 0x0000000706900000| Untracked 
|  78|0x0000000706a00000, 0x0000000706a00000, 0x0000000706b00000|  0%| F|  |TAMS 0x0000000706a00000, 0x0000000706a00000| Untracked 
|  79|0x0000000706b00000, 0x0000000706b00000, 0x0000000706c00000|  0%| F|  |TAMS 0x0000000706b00000, 0x0000000706b00000| Untracked 
|  80|0x0000000706c00000, 0x0000000706c00000, 0x0000000706d00000|  0%| F|  |TAMS 0x0000000706c00000, 0x0000000706c00000| Untracked 
|  81|0x0000000706d00000, 0x0000000706d00000, 0x0000000706e00000|  0%| F|  |TAMS 0x0000000706d00000, 0x0000000706d00000| Untracked 
|  82|0x0000000706e00000, 0x0000000706e00000, 0x0000000706f00000|  0%| F|  |TAMS 0x0000000706e00000, 0x0000000706e00000| Untracked 
|  83|0x0000000706f00000, 0x0000000706f00000, 0x0000000707000000|  0%| F|  |TAMS 0x0000000706f00000, 0x0000000706f00000| Untracked 
|  84|0x0000000707000000, 0x0000000707000000, 0x0000000707100000|  0%| F|  |TAMS 0x0000000707000000, 0x0000000707000000| Untracked 
|  85|0x0000000707100000, 0x0000000707100000, 0x0000000707200000|  0%| F|  |TAMS 0x0000000707100000, 0x0000000707100000| Untracked 
|  86|0x0000000707200000, 0x0000000707200000, 0x0000000707300000|  0%| F|  |TAMS 0x0000000707200000, 0x0000000707200000| Untracked 
|  87|0x0000000707300000, 0x0000000707300000, 0x0000000707400000|  0%| F|  |TAMS 0x0000000707300000, 0x0000000707300000| Untracked 
|  88|0x0000000707400000, 0x0000000707400000, 0x0000000707500000|  0%| F|  |TAMS 0x0000000707400000, 0x0000000707400000| Untracked 
|  89|0x0000000707500000, 0x0000000707500000, 0x0000000707600000|  0%| F|  |TAMS 0x0000000707500000, 0x0000000707500000| Untracked 
|  90|0x0000000707600000, 0x0000000707600000, 0x0000000707700000|  0%| F|  |TAMS 0x0000000707600000, 0x0000000707600000| Untracked 
|  91|0x0000000707700000, 0x0000000707700000, 0x0000000707800000|  0%| F|  |TAMS 0x0000000707700000, 0x0000000707700000| Untracked 
|  92|0x0000000707800000, 0x0000000707800000, 0x0000000707900000|  0%| F|  |TAMS 0x0000000707800000, 0x0000000707800000| Untracked 
|  93|0x0000000707900000, 0x0000000707900000, 0x0000000707a00000|  0%| F|  |TAMS 0x0000000707900000, 0x0000000707900000| Untracked 
|  94|0x0000000707a00000, 0x0000000707a00000, 0x0000000707b00000|  0%| F|  |TAMS 0x0000000707a00000, 0x0000000707a00000| Untracked 
|  95|0x0000000707b00000, 0x0000000707b00000, 0x0000000707c00000|  0%| F|  |TAMS 0x0000000707b00000, 0x0000000707b00000| Untracked 
|  96|0x0000000707c00000, 0x0000000707c00000, 0x0000000707d00000|  0%| F|  |TAMS 0x0000000707c00000, 0x0000000707c00000| Untracked 
|  97|0x0000000707d00000, 0x0000000707d00000, 0x0000000707e00000|  0%| F|  |TAMS 0x0000000707d00000, 0x0000000707d00000| Untracked 
|  98|0x0000000707e00000, 0x0000000707e00000, 0x0000000707f00000|  0%| F|  |TAMS 0x0000000707e00000, 0x0000000707e00000| Untracked 
|  99|0x0000000707f00000, 0x0000000707f00000, 0x0000000708000000|  0%| F|  |TAMS 0x0000000707f00000, 0x0000000707f00000| Untracked 
| 100|0x0000000708000000, 0x0000000708000000, 0x0000000708100000|  0%| F|  |TAMS 0x0000000708000000, 0x0000000708000000| Untracked 
| 101|0x0000000708100000, 0x0000000708100000, 0x0000000708200000|  0%| F|  |TAMS 0x0000000708100000, 0x0000000708100000| Untracked 
| 102|0x0000000708200000, 0x0000000708200000, 0x0000000708300000|  0%| F|  |TAMS 0x0000000708200000, 0x0000000708200000| Untracked 
| 103|0x0000000708300000, 0x0000000708300000, 0x0000000708400000|  0%| F|  |TAMS 0x0000000708300000, 0x0000000708300000| Untracked 
| 104|0x0000000708400000, 0x0000000708400000, 0x0000000708500000|  0%| F|  |TAMS 0x0000000708400000, 0x0000000708400000| Untracked 
| 105|0x0000000708500000, 0x0000000708500000, 0x0000000708600000|  0%| F|  |TAMS 0x0000000708500000, 0x0000000708500000| Untracked 
| 106|0x0000000708600000, 0x0000000708600000, 0x0000000708700000|  0%| F|  |TAMS 0x0000000708600000, 0x0000000708600000| Untracked 
| 107|0x0000000708700000, 0x0000000708700000, 0x0000000708800000|  0%| F|  |TAMS 0x0000000708700000, 0x0000000708700000| Untracked 
| 108|0x0000000708800000, 0x0000000708800000, 0x0000000708900000|  0%| F|  |TAMS 0x0000000708800000, 0x0000000708800000| Untracked 
| 109|0x0000000708900000, 0x0000000708900000, 0x0000000708a00000|  0%| F|  |TAMS 0x0000000708900000, 0x0000000708900000| Untracked 
| 110|0x0000000708a00000, 0x0000000708a00000, 0x0000000708b00000|  0%| F|  |TAMS 0x0000000708a00000, 0x0000000708a00000| Untracked 
| 111|0x0000000708b00000, 0x0000000708b00000, 0x0000000708c00000|  0%| F|  |TAMS 0x0000000708b00000, 0x0000000708b00000| Untracked 
| 112|0x0000000708c00000, 0x0000000708c00000, 0x0000000708d00000|  0%| F|  |TAMS 0x0000000708c00000, 0x0000000708c00000| Untracked 
| 113|0x0000000708d00000, 0x0000000708d00000, 0x0000000708e00000|  0%| F|  |TAMS 0x0000000708d00000, 0x0000000708d00000| Untracked 
| 114|0x0000000708e00000, 0x0000000708e00000, 0x0000000708f00000|  0%| F|  |TAMS 0x0000000708e00000, 0x0000000708e00000| Untracked 
| 115|0x0000000708f00000, 0x0000000708f00000, 0x0000000709000000|  0%| F|  |TAMS 0x0000000708f00000, 0x0000000708f00000| Untracked 
| 116|0x0000000709000000, 0x0000000709000000, 0x0000000709100000|  0%| F|  |TAMS 0x0000000709000000, 0x0000000709000000| Untracked 
| 117|0x0000000709100000, 0x0000000709100000, 0x0000000709200000|  0%| F|  |TAMS 0x0000000709100000, 0x0000000709100000| Untracked 
| 118|0x0000000709200000, 0x0000000709200000, 0x0000000709300000|  0%| F|  |TAMS 0x0000000709200000, 0x0000000709200000| Untracked 
| 119|0x0000000709300000, 0x0000000709300000, 0x0000000709400000|  0%| F|  |TAMS 0x0000000709300000, 0x0000000709300000| Untracked 
| 120|0x0000000709400000, 0x0000000709400000, 0x0000000709500000|  0%| F|  |TAMS 0x0000000709400000, 0x0000000709400000| Untracked 
| 121|0x0000000709500000, 0x0000000709500000, 0x0000000709600000|  0%| F|  |TAMS 0x0000000709500000, 0x0000000709500000| Untracked 
| 122|0x0000000709600000, 0x0000000709600000, 0x0000000709700000|  0%| F|  |TAMS 0x0000000709600000, 0x0000000709600000| Untracked 
| 123|0x0000000709700000, 0x0000000709700000, 0x0000000709800000|  0%| F|  |TAMS 0x0000000709700000, 0x0000000709700000| Untracked 
| 124|0x0000000709800000, 0x0000000709800000, 0x0000000709900000|  0%| F|  |TAMS 0x0000000709800000, 0x0000000709800000| Untracked 
| 125|0x0000000709900000, 0x0000000709900000, 0x0000000709a00000|  0%| F|  |TAMS 0x0000000709900000, 0x0000000709900000| Untracked 
| 126|0x0000000709a00000, 0x0000000709a00000, 0x0000000709b00000|  0%| F|  |TAMS 0x0000000709a00000, 0x0000000709a00000| Untracked 
| 127|0x0000000709b00000, 0x0000000709b00000, 0x0000000709c00000|  0%| F|  |TAMS 0x0000000709b00000, 0x0000000709b00000| Untracked 
| 128|0x0000000709c00000, 0x0000000709c00000, 0x0000000709d00000|  0%| F|  |TAMS 0x0000000709c00000, 0x0000000709c00000| Untracked 
| 129|0x0000000709d00000, 0x0000000709d00000, 0x0000000709e00000|  0%| F|  |TAMS 0x0000000709d00000, 0x0000000709d00000| Untracked 
| 130|0x0000000709e00000, 0x0000000709e00000, 0x0000000709f00000|  0%| F|  |TAMS 0x0000000709e00000, 0x0000000709e00000| Untracked 
| 131|0x0000000709f00000, 0x0000000709f00000, 0x000000070a000000|  0%| F|  |TAMS 0x0000000709f00000, 0x0000000709f00000| Untracked 
| 132|0x000000070a000000, 0x000000070a000000, 0x000000070a100000|  0%| F|  |TAMS 0x000000070a000000, 0x000000070a000000| Untracked 
| 133|0x000000070a100000, 0x000000070a100000, 0x000000070a200000|  0%| F|  |TAMS 0x000000070a100000, 0x000000070a100000| Untracked 
| 134|0x000000070a200000, 0x000000070a200000, 0x000000070a300000|  0%| F|  |TAMS 0x000000070a200000, 0x000000070a200000| Untracked 
| 135|0x000000070a300000, 0x000000070a300000, 0x000000070a400000|  0%| F|  |TAMS 0x000000070a300000, 0x000000070a300000| Untracked 
| 136|0x000000070a400000, 0x000000070a400000, 0x000000070a500000|  0%| F|  |TAMS 0x000000070a400000, 0x000000070a400000| Untracked 
| 137|0x000000070a500000, 0x000000070a500000, 0x000000070a600000|  0%| F|  |TAMS 0x000000070a500000, 0x000000070a500000| Untracked 
| 138|0x000000070a600000, 0x000000070a600000, 0x000000070a700000|  0%| F|  |TAMS 0x000000070a600000, 0x000000070a600000| Untracked 
| 139|0x000000070a700000, 0x000000070a700000, 0x000000070a800000|  0%| F|  |TAMS 0x000000070a700000, 0x000000070a700000| Untracked 
| 140|0x000000070a800000, 0x000000070a800000, 0x000000070a900000|  0%| F|  |TAMS 0x000000070a800000, 0x000000070a800000| Untracked 
| 141|0x000000070a900000, 0x000000070a900000, 0x000000070aa00000|  0%| F|  |TAMS 0x000000070a900000, 0x000000070a900000| Untracked 
| 142|0x000000070aa00000, 0x000000070aa00000, 0x000000070ab00000|  0%| F|  |TAMS 0x000000070aa00000, 0x000000070aa00000| Untracked 
| 143|0x000000070ab00000, 0x000000070ab00000, 0x000000070ac00000|  0%| F|  |TAMS 0x000000070ab00000, 0x000000070ab00000| Untracked 
| 144|0x000000070ac00000, 0x000000070ac00000, 0x000000070ad00000|  0%| F|  |TAMS 0x000000070ac00000, 0x000000070ac00000| Untracked 
| 145|0x000000070ad00000, 0x000000070ad00000, 0x000000070ae00000|  0%| F|  |TAMS 0x000000070ad00000, 0x000000070ad00000| Untracked 
| 146|0x000000070ae00000, 0x000000070ae00000, 0x000000070af00000|  0%| F|  |TAMS 0x000000070ae00000, 0x000000070ae00000| Untracked 
| 147|0x000000070af00000, 0x000000070af00000, 0x000000070b000000|  0%| F|  |TAMS 0x000000070af00000, 0x000000070af00000| Untracked 
| 148|0x000000070b000000, 0x000000070b000000, 0x000000070b100000|  0%| F|  |TAMS 0x000000070b000000, 0x000000070b000000| Untracked 
| 149|0x000000070b100000, 0x000000070b100000, 0x000000070b200000|  0%| F|  |TAMS 0x000000070b100000, 0x000000070b100000| Untracked 
| 150|0x000000070b200000, 0x000000070b200000, 0x000000070b300000|  0%| F|  |TAMS 0x000000070b200000, 0x000000070b200000| Untracked 
| 151|0x000000070b300000, 0x000000070b300000, 0x000000070b400000|  0%| F|  |TAMS 0x000000070b300000, 0x000000070b300000| Untracked 
| 152|0x000000070b400000, 0x000000070b400000, 0x000000070b500000|  0%| F|  |TAMS 0x000000070b400000, 0x000000070b400000| Untracked 
| 153|0x000000070b500000, 0x000000070b500000, 0x000000070b600000|  0%| F|  |TAMS 0x000000070b500000, 0x000000070b500000| Untracked 
| 154|0x000000070b600000, 0x000000070b600000, 0x000000070b700000|  0%| F|  |TAMS 0x000000070b600000, 0x000000070b600000| Untracked 
| 155|0x000000070b700000, 0x000000070b700000, 0x000000070b800000|  0%| F|  |TAMS 0x000000070b700000, 0x000000070b700000| Untracked 
| 156|0x000000070b800000, 0x000000070b800000, 0x000000070b900000|  0%| F|  |TAMS 0x000000070b800000, 0x000000070b800000| Untracked 
| 157|0x000000070b900000, 0x000000070b900000, 0x000000070ba00000|  0%| F|  |TAMS 0x000000070b900000, 0x000000070b900000| Untracked 
| 158|0x000000070ba00000, 0x000000070ba00000, 0x000000070bb00000|  0%| F|  |TAMS 0x000000070ba00000, 0x000000070ba00000| Untracked 
| 159|0x000000070bb00000, 0x000000070bb00000, 0x000000070bc00000|  0%| F|  |TAMS 0x000000070bb00000, 0x000000070bb00000| Untracked 
| 160|0x000000070bc00000, 0x000000070bc00000, 0x000000070bd00000|  0%| F|  |TAMS 0x000000070bc00000, 0x000000070bc00000| Untracked 
| 161|0x000000070bd00000, 0x000000070bd00000, 0x000000070be00000|  0%| F|  |TAMS 0x000000070bd00000, 0x000000070bd00000| Untracked 
| 162|0x000000070be00000, 0x000000070be00000, 0x000000070bf00000|  0%| F|  |TAMS 0x000000070be00000, 0x000000070be00000| Untracked 
| 163|0x000000070bf00000, 0x000000070bf00000, 0x000000070c000000|  0%| F|  |TAMS 0x000000070bf00000, 0x000000070bf00000| Untracked 
| 164|0x000000070c000000, 0x000000070c000000, 0x000000070c100000|  0%| F|  |TAMS 0x000000070c000000, 0x000000070c000000| Untracked 
| 165|0x000000070c100000, 0x000000070c100000, 0x000000070c200000|  0%| F|  |TAMS 0x000000070c100000, 0x000000070c100000| Untracked 
| 166|0x000000070c200000, 0x000000070c200000, 0x000000070c300000|  0%| F|  |TAMS 0x000000070c200000, 0x000000070c200000| Untracked 
| 167|0x000000070c300000, 0x000000070c300000, 0x000000070c400000|  0%| F|  |TAMS 0x000000070c300000, 0x000000070c300000| Untracked 
| 168|0x000000070c400000, 0x000000070c400000, 0x000000070c500000|  0%| F|  |TAMS 0x000000070c400000, 0x000000070c400000| Untracked 
| 169|0x000000070c500000, 0x000000070c500000, 0x000000070c600000|  0%| F|  |TAMS 0x000000070c500000, 0x000000070c500000| Untracked 
| 170|0x000000070c600000, 0x000000070c600000, 0x000000070c700000|  0%| F|  |TAMS 0x000000070c600000, 0x000000070c600000| Untracked 
| 171|0x000000070c700000, 0x000000070c700000, 0x000000070c800000|  0%| F|  |TAMS 0x000000070c700000, 0x000000070c700000| Untracked 
| 172|0x000000070c800000, 0x000000070c800000, 0x000000070c900000|  0%| F|  |TAMS 0x000000070c800000, 0x000000070c800000| Untracked 
| 173|0x000000070c900000, 0x000000070c900000, 0x000000070ca00000|  0%| F|  |TAMS 0x000000070c900000, 0x000000070c900000| Untracked 
| 174|0x000000070ca00000, 0x000000070ca00000, 0x000000070cb00000|  0%| F|  |TAMS 0x000000070ca00000, 0x000000070ca00000| Untracked 
| 175|0x000000070cb00000, 0x000000070cb00000, 0x000000070cc00000|  0%| F|  |TAMS 0x000000070cb00000, 0x000000070cb00000| Untracked 
| 176|0x000000070cc00000, 0x000000070cc00000, 0x000000070cd00000|  0%| F|  |TAMS 0x000000070cc00000, 0x000000070cc00000| Untracked 
| 177|0x000000070cd00000, 0x000000070cd00000, 0x000000070ce00000|  0%| F|  |TAMS 0x000000070cd00000, 0x000000070cd00000| Untracked 
| 178|0x000000070ce00000, 0x000000070ce00000, 0x000000070cf00000|  0%| F|  |TAMS 0x000000070ce00000, 0x000000070ce00000| Untracked 
| 179|0x000000070cf00000, 0x000000070cf00000, 0x000000070d000000|  0%| F|  |TAMS 0x000000070cf00000, 0x000000070cf00000| Untracked 
| 180|0x000000070d000000, 0x000000070d000000, 0x000000070d100000|  0%| F|  |TAMS 0x000000070d000000, 0x000000070d000000| Untracked 
| 181|0x000000070d100000, 0x000000070d100000, 0x000000070d200000|  0%| F|  |TAMS 0x000000070d100000, 0x000000070d100000| Untracked 
| 182|0x000000070d200000, 0x000000070d200000, 0x000000070d300000|  0%| F|  |TAMS 0x000000070d200000, 0x000000070d200000| Untracked 
| 183|0x000000070d300000, 0x000000070d300000, 0x000000070d400000|  0%| F|  |TAMS 0x000000070d300000, 0x000000070d300000| Untracked 
| 184|0x000000070d400000, 0x000000070d400000, 0x000000070d500000|  0%| F|  |TAMS 0x000000070d400000, 0x000000070d400000| Untracked 
| 185|0x000000070d500000, 0x000000070d500000, 0x000000070d600000|  0%| F|  |TAMS 0x000000070d500000, 0x000000070d500000| Untracked 
| 186|0x000000070d600000, 0x000000070d600000, 0x000000070d700000|  0%| F|  |TAMS 0x000000070d600000, 0x000000070d600000| Untracked 
| 187|0x000000070d700000, 0x000000070d700000, 0x000000070d800000|  0%| F|  |TAMS 0x000000070d700000, 0x000000070d700000| Untracked 
| 188|0x000000070d800000, 0x000000070d800000, 0x000000070d900000|  0%| F|  |TAMS 0x000000070d800000, 0x000000070d800000| Untracked 
| 189|0x000000070d900000, 0x000000070d900000, 0x000000070da00000|  0%| F|  |TAMS 0x000000070d900000, 0x000000070d900000| Untracked 
| 190|0x000000070da00000, 0x000000070da00000, 0x000000070db00000|  0%| F|  |TAMS 0x000000070da00000, 0x000000070da00000| Untracked 
| 191|0x000000070db00000, 0x000000070db00000, 0x000000070dc00000|  0%| F|  |TAMS 0x000000070db00000, 0x000000070db00000| Untracked 
| 192|0x000000070dc00000, 0x000000070dc00000, 0x000000070dd00000|  0%| F|  |TAMS 0x000000070dc00000, 0x000000070dc00000| Untracked 
| 193|0x000000070dd00000, 0x000000070dd00000, 0x000000070de00000|  0%| F|  |TAMS 0x000000070dd00000, 0x000000070dd00000| Untracked 
| 194|0x000000070de00000, 0x000000070de00000, 0x000000070df00000|  0%| F|  |TAMS 0x000000070de00000, 0x000000070de00000| Untracked 
| 195|0x000000070df00000, 0x000000070df00000, 0x000000070e000000|  0%| F|  |TAMS 0x000000070df00000, 0x000000070df00000| Untracked 
| 196|0x000000070e000000, 0x000000070e000000, 0x000000070e100000|  0%| F|  |TAMS 0x000000070e000000, 0x000000070e000000| Untracked 
| 197|0x000000070e100000, 0x000000070e100000, 0x000000070e200000|  0%| F|  |TAMS 0x000000070e100000, 0x000000070e100000| Untracked 
| 198|0x000000070e200000, 0x000000070e200000, 0x000000070e300000|  0%| F|  |TAMS 0x000000070e200000, 0x000000070e200000| Untracked 
| 199|0x000000070e300000, 0x000000070e300000, 0x000000070e400000|  0%| F|  |TAMS 0x000000070e300000, 0x000000070e300000| Untracked 
| 200|0x000000070e400000, 0x000000070e400000, 0x000000070e500000|  0%| F|  |TAMS 0x000000070e400000, 0x000000070e400000| Untracked 
| 201|0x000000070e500000, 0x000000070e500000, 0x000000070e600000|  0%| F|  |TAMS 0x000000070e500000, 0x000000070e500000| Untracked 
| 202|0x000000070e600000, 0x000000070e600000, 0x000000070e700000|  0%| F|  |TAMS 0x000000070e600000, 0x000000070e600000| Untracked 
| 203|0x000000070e700000, 0x000000070e700000, 0x000000070e800000|  0%| F|  |TAMS 0x000000070e700000, 0x000000070e700000| Untracked 
| 204|0x000000070e800000, 0x000000070e800000, 0x000000070e900000|  0%| F|  |TAMS 0x000000070e800000, 0x000000070e800000| Untracked 
| 205|0x000000070e900000, 0x000000070e900000, 0x000000070ea00000|  0%| F|  |TAMS 0x000000070e900000, 0x000000070e900000| Untracked 
| 206|0x000000070ea00000, 0x000000070ea00000, 0x000000070eb00000|  0%| F|  |TAMS 0x000000070ea00000, 0x000000070ea00000| Untracked 
| 207|0x000000070eb00000, 0x000000070eb00000, 0x000000070ec00000|  0%| F|  |TAMS 0x000000070eb00000, 0x000000070eb00000| Untracked 
| 208|0x000000070ec00000, 0x000000070ec00000, 0x000000070ed00000|  0%| F|  |TAMS 0x000000070ec00000, 0x000000070ec00000| Untracked 
| 209|0x000000070ed00000, 0x000000070ed00000, 0x000000070ee00000|  0%| F|  |TAMS 0x000000070ed00000, 0x000000070ed00000| Untracked 
| 210|0x000000070ee00000, 0x000000070ee00000, 0x000000070ef00000|  0%| F|  |TAMS 0x000000070ee00000, 0x000000070ee00000| Untracked 
| 211|0x000000070ef00000, 0x000000070ef00000, 0x000000070f000000|  0%| F|  |TAMS 0x000000070ef00000, 0x000000070ef00000| Untracked 
| 212|0x000000070f000000, 0x000000070f000000, 0x000000070f100000|  0%| F|  |TAMS 0x000000070f000000, 0x000000070f000000| Untracked 
| 213|0x000000070f100000, 0x000000070f100000, 0x000000070f200000|  0%| F|  |TAMS 0x000000070f100000, 0x000000070f100000| Untracked 
| 214|0x000000070f200000, 0x000000070f200000, 0x000000070f300000|  0%| F|  |TAMS 0x000000070f200000, 0x000000070f200000| Untracked 
| 215|0x000000070f300000, 0x000000070f300000, 0x000000070f400000|  0%| F|  |TAMS 0x000000070f300000, 0x000000070f300000| Untracked 
| 216|0x000000070f400000, 0x000000070f400000, 0x000000070f500000|  0%| F|  |TAMS 0x000000070f400000, 0x000000070f400000| Untracked 
| 217|0x000000070f500000, 0x000000070f500000, 0x000000070f600000|  0%| F|  |TAMS 0x000000070f500000, 0x000000070f500000| Untracked 
| 218|0x000000070f600000, 0x000000070f600000, 0x000000070f700000|  0%| F|  |TAMS 0x000000070f600000, 0x000000070f600000| Untracked 
| 219|0x000000070f700000, 0x000000070f700000, 0x000000070f800000|  0%| F|  |TAMS 0x000000070f700000, 0x000000070f700000| Untracked 
| 220|0x000000070f800000, 0x000000070f800000, 0x000000070f900000|  0%| F|  |TAMS 0x000000070f800000, 0x000000070f800000| Untracked 
| 221|0x000000070f900000, 0x000000070f900000, 0x000000070fa00000|  0%| F|  |TAMS 0x000000070f900000, 0x000000070f900000| Untracked 
| 222|0x000000070fa00000, 0x000000070fa00000, 0x000000070fb00000|  0%| F|  |TAMS 0x000000070fa00000, 0x000000070fa00000| Untracked 
| 223|0x000000070fb00000, 0x000000070fb00000, 0x000000070fc00000|  0%| F|  |TAMS 0x000000070fb00000, 0x000000070fb00000| Untracked 
| 224|0x000000070fc00000, 0x000000070fc00000, 0x000000070fd00000|  0%| F|  |TAMS 0x000000070fc00000, 0x000000070fc00000| Untracked 
| 225|0x000000070fd00000, 0x000000070fd00000, 0x000000070fe00000|  0%| F|  |TAMS 0x000000070fd00000, 0x000000070fd00000| Untracked 
| 226|0x000000070fe00000, 0x000000070fe00000, 0x000000070ff00000|  0%| F|  |TAMS 0x000000070fe00000, 0x000000070fe00000| Untracked 
| 227|0x000000070ff00000, 0x000000070ff00000, 0x0000000710000000|  0%| F|  |TAMS 0x000000070ff00000, 0x000000070ff00000| Untracked 
| 228|0x0000000710000000, 0x0000000710000000, 0x0000000710100000|  0%| F|  |TAMS 0x0000000710000000, 0x0000000710000000| Untracked 
| 229|0x0000000710100000, 0x0000000710100000, 0x0000000710200000|  0%| F|  |TAMS 0x0000000710100000, 0x0000000710100000| Untracked 
| 230|0x0000000710200000, 0x0000000710200000, 0x0000000710300000|  0%| F|  |TAMS 0x0000000710200000, 0x0000000710200000| Untracked 
| 231|0x0000000710300000, 0x0000000710300000, 0x0000000710400000|  0%| F|  |TAMS 0x0000000710300000, 0x0000000710300000| Untracked 
| 232|0x0000000710400000, 0x0000000710400000, 0x0000000710500000|  0%| F|  |TAMS 0x0000000710400000, 0x0000000710400000| Untracked 
| 233|0x0000000710500000, 0x0000000710500000, 0x0000000710600000|  0%| F|  |TAMS 0x0000000710500000, 0x0000000710500000| Untracked 
| 234|0x0000000710600000, 0x0000000710600000, 0x0000000710700000|  0%| F|  |TAMS 0x0000000710600000, 0x0000000710600000| Untracked 
| 235|0x0000000710700000, 0x0000000710700000, 0x0000000710800000|  0%| F|  |TAMS 0x0000000710700000, 0x0000000710700000| Untracked 
| 236|0x0000000710800000, 0x0000000710800000, 0x0000000710900000|  0%| F|  |TAMS 0x0000000710800000, 0x0000000710800000| Untracked 
| 237|0x0000000710900000, 0x0000000710900000, 0x0000000710a00000|  0%| F|  |TAMS 0x0000000710900000, 0x0000000710900000| Untracked 
| 238|0x0000000710a00000, 0x0000000710a00000, 0x0000000710b00000|  0%| F|  |TAMS 0x0000000710a00000, 0x0000000710a00000| Untracked 
| 239|0x0000000710b00000, 0x0000000710b00000, 0x0000000710c00000|  0%| F|  |TAMS 0x0000000710b00000, 0x0000000710b00000| Untracked 
| 240|0x0000000710c00000, 0x0000000710c00000, 0x0000000710d00000|  0%| F|  |TAMS 0x0000000710c00000, 0x0000000710c00000| Untracked 
| 241|0x0000000710d00000, 0x0000000710d00000, 0x0000000710e00000|  0%| F|  |TAMS 0x0000000710d00000, 0x0000000710d00000| Untracked 
| 242|0x0000000710e00000, 0x0000000710e00000, 0x0000000710f00000|  0%| F|  |TAMS 0x0000000710e00000, 0x0000000710e00000| Untracked 
| 243|0x0000000710f00000, 0x0000000710f00000, 0x0000000711000000|  0%| F|  |TAMS 0x0000000710f00000, 0x0000000710f00000| Untracked 
| 244|0x0000000711000000, 0x0000000711000000, 0x0000000711100000|  0%| F|  |TAMS 0x0000000711000000, 0x0000000711000000| Untracked 
| 245|0x0000000711100000, 0x0000000711100000, 0x0000000711200000|  0%| F|  |TAMS 0x0000000711100000, 0x0000000711100000| Untracked 
| 246|0x0000000711200000, 0x0000000711200000, 0x0000000711300000|  0%| F|  |TAMS 0x0000000711200000, 0x0000000711200000| Untracked 
| 247|0x0000000711300000, 0x0000000711300000, 0x0000000711400000|  0%| F|  |TAMS 0x0000000711300000, 0x0000000711300000| Untracked 
| 248|0x0000000711400000, 0x0000000711400000, 0x0000000711500000|  0%| F|  |TAMS 0x0000000711400000, 0x0000000711400000| Untracked 
| 249|0x0000000711500000, 0x0000000711500000, 0x0000000711600000|  0%| F|  |TAMS 0x0000000711500000, 0x0000000711500000| Untracked 
| 250|0x0000000711600000, 0x0000000711600000, 0x0000000711700000|  0%| F|  |TAMS 0x0000000711600000, 0x0000000711600000| Untracked 
| 251|0x0000000711700000, 0x00000007117f08e8, 0x0000000711800000| 93%| E|  |TAMS 0x0000000711700000, 0x0000000711700000| Complete 
| 252|0x0000000711800000, 0x0000000711900000, 0x0000000711900000|100%| E|CS|TAMS 0x0000000711800000, 0x0000000711800000| Complete 
| 253|0x0000000711900000, 0x0000000711a00000, 0x0000000711a00000|100%| E|CS|TAMS 0x0000000711900000, 0x0000000711900000| Complete 
| 254|0x0000000711a00000, 0x0000000711b00000, 0x0000000711b00000|100%| E|CS|TAMS 0x0000000711a00000, 0x0000000711a00000| Complete 
| 255|0x0000000711b00000, 0x0000000711c00000, 0x0000000711c00000|100%| E|CS|TAMS 0x0000000711b00000, 0x0000000711b00000| Complete 

Card table byte_map: [0x000001b277c70000,0x000001b278470000] _byte_map_base: 0x000001b274462000

Marking Bits (Prev, Next): (CMBitMap*) 0x000001b25f9f8a18, (CMBitMap*) 0x000001b25f9f8a58
 Prev Bits: [0x000001b278c70000, 0x000001b27cc00000)
 Next Bits: [0x000001b200000000, 0x000001b203f90000)

Polling page: 0x000001b25f170000

Metaspace:

Usage:
  Non-class:      4.36 MB capacity,     2.40 MB ( 55%) used,     1.96 MB ( 45%) free+waste,     2.75 KB ( <1%) overhead. 
      Class:    443.00 KB capacity,   254.93 KB ( 58%) used,   186.51 KB ( 42%) free+waste,     1.56 KB ( <1%) overhead. 
       Both:      4.79 MB capacity,     2.65 MB ( 55%) used,     2.14 MB ( 45%) free+waste,     4.31 KB ( <1%) overhead. 

Virtual space:
  Non-class space:        8.00 MB reserved,       4.50 MB ( 56%) committed 
      Class space:        1.00 GB reserved,     512.00 KB ( <1%) committed 
             Both:        1.01 GB reserved,       5.00 MB ( <1%) committed 

Chunk freelists:
   Non-Class:  14.00 KB
       Class:  5.00 KB
        Both:  19.00 KB

MaxMetaspaceSize: 17179869184.00 GB
CompressedClassSpaceSize: 1.00 GB

CodeHeap 'non-profiled nmethods': size=120000Kb used=123Kb max_used=123Kb free=119876Kb
 bounds [0x000001b26fc10000, 0x000001b26fe80000, 0x000001b277140000]
CodeHeap 'profiled nmethods': size=120000Kb used=569Kb max_used=569Kb free=119430Kb
 bounds [0x000001b2686e0000, 0x000001b268950000, 0x000001b26fc10000]
CodeHeap 'non-nmethods': size=5760Kb used=1225Kb max_used=1242Kb free=4534Kb
 bounds [0x000001b268140000, 0x000001b2683b0000, 0x000001b2686e0000]
 total_blobs=1166 nmethods=398 adapters=297
 compilation: enabled
              stopped_count=0, restarted_count=0
 full_count=0

Compilation events (20 events):
Event: 143.847 Thread 0x000001b204026000  395       3       org.eclipse.jdt.launching.internal.org.objectweb.asm.Symbol::<init> (38 bytes)
Event: 143.849 Thread 0x000001b204026000 

Event: 143.849 Thread 0x000001b204026000  396       3       org.eclipse.jdt.launching.internal.org.objectweb.asm.SymbolTable::add (39 bytes)
Event: 143.849 Thread 0x000001b204026000 nmethod 396 0x000001b26876b510 code [0x000001b26876b6c0, 0x000001b26876ba58]
Event: 143.849 Thread 0x000001b204026000  392       3       org.eclipse.jdt.launching.internal.org.objectweb.asm.SymbolTable::hash (10 bytes)
Event: 143.849 Thread 0x000001b204026000 nmethod 392 0x000001b26876bb90 code [0x000001b26876bd40, 0x000001b26876be68]
Event: 143.849 Thread 0x000001b204026000  391       3       java.lang.String::rangeCheck (9 bytes)
Event: 143.850 Thread 0x000001b204026000 nmethod 391 0x000001b26876bf90 code [0x000001b26876c140, 0x000001b26876c268]
Event: 193.092 Thread 0x000001b204026000  397       3       org.eclipse.jdt.launching.internal.org.objectweb.asm.ClassReader::readUtf (161 bytes)
Event: 193.092 Thread 0x000001b204026000 nmethod 397 0x000001b26876c310 code [0x000001b26876c500, 0x000001b26876cb18]
Event: 193.092 Thread 0x000001b204026000  398       3       org.eclipse.jdt.launching.internal.org.objectweb.asm.SymbolTable::addConstantUtf8 (20 bytes)
Event: 193.092 Thread 0x000001b204026000 nmethod 398 0x000001b26876cf10 code [0x000001b26876d0e0, 0x000001b26876d468]
Event: 193.092 Thread 0x000001b204026000  399       3       java.lang.String::<init> (74 bytes)
Event: 193.094 Thread 0x000001b204026000 

Event: 193.094 Thread 0x000001b204026000  400       3       org.eclipse.jdt.launching.internal.org.objectweb.asm.Symbol::<init> (38 bytes)
Event: 193.094 Thread 0x000001b204026000 nmethod 400 0x000001b26876d610 code [0x000001b26876d7c0, 0x000001b26876da78]
Event: 293.777 Thread 0x000001b204026000  401       3       java.lang.String::<init> (74 bytes)
Event: 293.777 Thread 0x000001b204024000  402       4       org.eclipse.jdt.launching.internal.org.objectweb.asm.ClassReader::readUnsignedShort (26 bytes)
Event: 293.779 Thread 0x000001b204026000 nmethod 401 0x000001b26876db90 code [0x000001b26876dd80, 0x000001b26876e438]
Event: 293.779 Thread 0x000001b204024000 


GC Heap History (0 events):
No events

Deoptimization events (20 events):
Event: 0.559 Thread 0x000001b25f98f000 DEOPT PACKING pc=0x000001b268752bd8 sp=0x000000234eaf7ac0
Event: 0.559 Thread 0x000001b25f98f000 DEOPT UNPACKING pc=0x000001b26818964e sp=0x000000234eaf6f88 mode 0
Event: 0.559 Thread 0x000001b25f98f000 DEOPT PACKING pc=0x000001b268752bd8 sp=0x000000234eaf7ac0
Event: 0.559 Thread 0x000001b25f98f000 DEOPT UNPACKING pc=0x000001b26818964e sp=0x000000234eaf6f88 mode 0
Event: 0.559 Thread 0x000001b25f98f000 DEOPT PACKING pc=0x000001b268752bd8 sp=0x000000234eaf7ac0
Event: 0.559 Thread 0x000001b25f98f000 DEOPT UNPACKING pc=0x000001b26818964e sp=0x000000234eaf6f88 mode 0
Event: 0.562 Thread 0x000001b25f98f000 DEOPT PACKING pc=0x000001b268752bd8 sp=0x000000234eafb5a0
Event: 0.562 Thread 0x000001b25f98f000 DEOPT UNPACKING pc=0x000001b26818964e sp=0x000000234eafaa68 mode 0
Event: 0.562 Thread 0x000001b25f98f000 DEOPT PACKING pc=0x000001b268752bd8 sp=0x000000234eafb5a0
Event: 0.562 Thread 0x000001b25f98f000 DEOPT UNPACKING pc=0x000001b26818964e sp=0x000000234eafaa68 mode 0
Event: 0.562 Thread 0x000001b25f98f000 DEOPT PACKING pc=0x000001b268752bd8 sp=0x000000234eafb5a0
Event: 0.562 Thread 0x000001b25f98f000 DEOPT UNPACKING pc=0x000001b26818964e sp=0x000000234eafaa68 mode 0
Event: 0.569 Thread 0x000001b25f98f000 DEOPT PACKING pc=0x000001b268752bd8 sp=0x000000234eaf76b0
Event: 0.569 Thread 0x000001b25f98f000 DEOPT UNPACKING pc=0x000001b26818964e sp=0x000000234eaf6b78 mode 0
Event: 0.569 Thread 0x000001b25f98f000 DEOPT PACKING pc=0x000001b268752bd8 sp=0x000000234eaf76b0
Event: 0.569 Thread 0x000001b25f98f000 DEOPT UNPACKING pc=0x000001b26818964e sp=0x000000234eaf6b78 mode 0
Event: 0.569 Thread 0x000001b25f98f000 DEOPT PACKING pc=0x000001b268752bd8 sp=0x000000234eaf76b0
Event: 0.569 Thread 0x000001b25f98f000 DEOPT UNPACKING pc=0x000001b26818964e sp=0x000000234eaf6b78 mode 0
Event: 0.569 Thread 0x000001b25f98f000 DEOPT PACKING pc=0x000001b268752bd8 sp=0x000000234eaf76b0
Event: 0.569 Thread 0x000001b25f98f000 DEOPT UNPACKING pc=0x000001b26818964e sp=0x000000234eaf6b78 mode 0

Classes unloaded (0 events):
No events

Classes redefined (6 events):
Event: 53.049 Thread 0x000001b27f76d000 redefined class name=ej2.E2, count=1
Event: 143.847 Thread 0x000001b27f76d000 redefined class name=ej2.E2, count=2
Event: 193.093 Thread 0x000001b27f76d000 redefined class name=ej2.E2, count=3
Event: 249.939 Thread 0x000001b27f76d000 redefined class name=ej2.E2, count=4
Event: 293.778 Thread 0x000001b27f76d000 redefined class name=ej2.E2, count=5
Event: 587.349 Thread 0x000001b27f76d000 redefined class name=ej2.E2, count=6

Internal exceptions (0 events):
No events

Events (20 events):
Event: 2692.529 Executing VM operation: get/set locals
Event: 2692.529 Executing VM operation: get/set locals done
Event: 2692.654 Executing VM operation: GetFrameCount
Event: 2692.654 Executing VM operation: GetFrameCount done
Event: 2692.654 Executing VM operation: GetOwnedMonitorInfo
Event: 2692.654 Executing VM operation: GetOwnedMonitorInfo done
Event: 2692.655 Executing VM operation: GetCurrentContendedMonitor
Event: 2692.655 Executing VM operation: GetCurrentContendedMonitor done
Event: 2695.268 Executing VM operation: GetFrameCount
Event: 2695.268 Executing VM operation: GetFrameCount done
Event: 2695.268 Executing VM operation: SetFramePop
Event: 2695.268 Executing VM operation: SetFramePop done
Event: 2695.268 Executing VM operation: GetFrameLocation
Event: 2695.268 Executing VM operation: GetFrameLocation done
Event: 2695.268 Executing VM operation: GetCurrentLocation
Event: 2695.268 Executing VM operation: GetCurrentLocation done
Event: 2695.269 Executing VM operation: ChangeSingleStep
Event: 2695.269 Executing VM operation: ChangeSingleStep done
Event: 2695.269 Executing VM operation: GetFrameLocation
Event: 2695.269 Executing VM operation: GetFrameLocation done


Dynamic libraries:
0x00007ff7d04f0000 - 0x00007ff7d04ff000 	C:\Program Files\Java\jdk-14.0.1\bin\javaw.exe
0x00007ff841950000 - 0x00007ff841b46000 	C:\WINDOWS\SYSTEM32\ntdll.dll
0x00007ff81ddb0000 - 0x00007ff81ddc2000 	C:\Program Files\AVG\Antivirus\aswhook.dll
0x00007ff841190000 - 0x00007ff84124d000 	C:\WINDOWS\System32\KERNEL32.DLL
0x00007ff83f520000 - 0x00007ff83f7e9000 	C:\WINDOWS\System32\KERNELBASE.dll
0x00007ff83f370000 - 0x00007ff83f470000 	C:\WINDOWS\System32\ucrtbase.dll
0x00007ff833900000 - 0x00007ff833918000 	C:\Program Files\Java\jdk-14.0.1\bin\jli.dll
0x00007ff841380000 - 0x00007ff84142c000 	C:\WINDOWS\System32\ADVAPI32.dll
0x00007ff841610000 - 0x00007ff8416ae000 	C:\WINDOWS\System32\msvcrt.dll
0x00007ff83fed0000 - 0x00007ff83ff6c000 	C:\WINDOWS\System32\sechost.dll
0x00007ff8416e0000 - 0x00007ff84180b000 	C:\WINDOWS\System32\RPCRT4.dll
0x00007ff83fd30000 - 0x00007ff83fed0000 	C:\WINDOWS\System32\USER32.dll
0x00007ff83f340000 - 0x00007ff83f362000 	C:\WINDOWS\System32\win32u.dll
0x00007ff841810000 - 0x00007ff84183a000 	C:\WINDOWS\System32\GDI32.dll
0x00007ff83f090000 - 0x00007ff83f199000 	C:\WINDOWS\System32\gdi32full.dll
0x00007ff83f270000 - 0x00007ff83f30d000 	C:\WINDOWS\System32\msvcp_win.dll
0x00007ff81e590000 - 0x00007ff81e5a5000 	C:\Program Files\Java\jdk-14.0.1\bin\VCRUNTIME140.dll
0x00007ff82c4e0000 - 0x00007ff82c77b000 	C:\WINDOWS\WinSxS\amd64_microsoft.windows.common-controls_6595b64144ccf1df_6.0.19041.488_none_ca04af081b815d21\COMCTL32.dll
0x00007ff83a540000 - 0x00007ff83a54a000 	C:\WINDOWS\SYSTEM32\VERSION.dll
0x00007ff8416b0000 - 0x00007ff8416e0000 	C:\WINDOWS\System32\IMM32.DLL
0x00007ff8103e0000 - 0x00007ff81047b000 	C:\Program Files\Java\jdk-14.0.1\bin\msvcp140.dll
0x00007ffffb270000 - 0x00007ffffbd8e000 	C:\Program Files\Java\jdk-14.0.1\bin\server\jvm.dll
0x00007ff840a00000 - 0x00007ff840a08000 	C:\WINDOWS\System32\PSAPI.DLL
0x00007ff835590000 - 0x00007ff835599000 	C:\WINDOWS\SYSTEM32\WSOCK32.dll
0x00007ff841490000 - 0x00007ff8414fb000 	C:\WINDOWS\System32\WS2_32.dll
0x00007ff828530000 - 0x00007ff828557000 	C:\WINDOWS\SYSTEM32\WINMM.dll
0x00007ff83cf20000 - 0x00007ff83cf32000 	C:\WINDOWS\SYSTEM32\kernel.appcore.dll
0x00007ff83cc10000 - 0x00007ff83cc1a000 	C:\Program Files\Java\jdk-14.0.1\bin\jimage.dll
0x00007ff839180000 - 0x00007ff839364000 	C:\WINDOWS\SYSTEM32\DBGHELP.DLL
0x00007ff8390c0000 - 0x00007ff8390ec000 	C:\WINDOWS\SYSTEM32\dbgcore.DLL
0x00007ff83f1f0000 - 0x00007ff83f270000 	C:\WINDOWS\System32\bcryptPrimitives.dll
0x00007ff81e550000 - 0x00007ff81e588000 	C:\Program Files\Java\jdk-14.0.1\bin\jdwp.dll
0x00007ff839540000 - 0x00007ff839565000 	C:\Program Files\Java\jdk-14.0.1\bin\java.dll
0x00007ff835ca0000 - 0x00007ff835cae000 	C:\Program Files\Java\jdk-14.0.1\bin\instrument.dll
0x00007ff82fa70000 - 0x00007ff82fa86000 	C:\Program Files\Java\jdk-14.0.1\bin\zip.dll
0x00007ff840a30000 - 0x00007ff841172000 	C:\WINDOWS\System32\SHELL32.dll
0x00007ff83d200000 - 0x00007ff83d995000 	C:\WINDOWS\SYSTEM32\windows.storage.dll
0x00007ff840120000 - 0x00007ff840476000 	C:\WINDOWS\System32\combase.dll
0x00007ff83ea30000 - 0x00007ff83ea5c000 	C:\WINDOWS\SYSTEM32\Wldp.dll
0x00007ff8408f0000 - 0x00007ff84099e000 	C:\WINDOWS\System32\SHCORE.dll
0x00007ff83fcd0000 - 0x00007ff83fd25000 	C:\WINDOWS\System32\shlwapi.dll
0x00007ff83efc0000 - 0x00007ff83efe6000 	C:\WINDOWS\SYSTEM32\profapi.dll
0x00007ff8338f0000 - 0x00007ff8338fb000 	C:\Program Files\Java\jdk-14.0.1\bin\dt_socket.dll
0x00007ff83e4a0000 - 0x00007ff83e4db000 	C:\WINDOWS\SYSTEM32\IPHLPAPI.DLL
0x00007ff83e7b0000 - 0x00007ff83e81a000 	C:\WINDOWS\system32\mswsock.dll
0x00007ff83e4e0000 - 0x00007ff83e5ab000 	C:\WINDOWS\SYSTEM32\DNSAPI.dll
0x00007ff841180000 - 0x00007ff841188000 	C:\WINDOWS\System32\NSI.dll
0x00007ff836730000 - 0x00007ff83673a000 	C:\Windows\System32\rasadhlp.dll
0x00007ff8355a0000 - 0x00007ff83561f000 	C:\WINDOWS\System32\fwpuclnt.dll
0x00007ff83f310000 - 0x00007ff83f337000 	C:\WINDOWS\System32\bcrypt.dll
0x00007ff82fa50000 - 0x00007ff82fa69000 	C:\Program Files\Java\jdk-14.0.1\bin\net.dll
0x00007ff836810000 - 0x00007ff836910000 	C:\WINDOWS\SYSTEM32\WINHTTP.dll
0x00007ff82f7d0000 - 0x00007ff82f7e2000 	C:\Program Files\Java\jdk-14.0.1\bin\nio.dll
0x00007ff83b720000 - 0x00007ff83b730000 	C:\Program Files\Java\jdk-14.0.1\bin\verify.dll

dbghelp: loaded successfully - version: 4.0.5 - missing functions: none
symbol engine: initialized successfully - sym options: 0x614 - pdb path: .;C:\Program Files\Java\jdk-14.0.1\bin;C:\WINDOWS\SYSTEM32;C:\Program Files\AVG\Antivirus;C:\WINDOWS\WinSxS\amd64_microsoft.windows.common-controls_6595b64144ccf1df_6.0.19041.488_none_ca04af081b815d21;C:\Program Files\Java\jdk-14.0.1\bin\server

VM Arguments:
jvm_args: -XX:+ShowCodeDetailsInExceptionMessages -agentlib:jdwp=transport=dt_socket,suspend=y,address=localhost:62757 -javaagent:C:\Users\dw1b\eclipse\java-2020-09\eclipse\configuration\org.eclipse.osgi\215\0\.cp\lib\javaagent-shaded.jar -Dfile.encoding=Cp1252 
java_command: ej2.E2
java_class_path (initial): C:\Users\dw1b\Desktop\Examen_Ibai\Tema6\bin
Launcher Type: SUN_STANDARD

[Global flags]
     intx CICompilerCount                          = 4                                         {product} {ergonomic}
     uint ConcGCThreads                            = 2                                         {product} {ergonomic}
     uint G1ConcRefinementThreads                  = 8                                         {product} {ergonomic}
   size_t G1HeapRegionSize                         = 1048576                                   {product} {ergonomic}
    uintx GCDrainStackTargetSize                   = 64                                        {product} {ergonomic}
   size_t InitialHeapSize                          = 268435456                                 {product} {ergonomic}
   size_t MarkStackSize                            = 4194304                                   {product} {ergonomic}
   size_t MaxHeapSize                              = 4265607168                                {product} {ergonomic}
   size_t MaxNewSize                               = 2558525440                                {product} {ergonomic}
   size_t MinHeapDeltaBytes                        = 1048576                                   {product} {ergonomic}
   size_t MinHeapSize                              = 8388608                                   {product} {ergonomic}
    uintx NonNMethodCodeHeapSize                   = 5839372                                {pd product} {ergonomic}
    uintx NonProfiledCodeHeapSize                  = 122909434                              {pd product} {ergonomic}
    uintx ProfiledCodeHeapSize                     = 122909434                              {pd product} {ergonomic}
    uintx ReservedCodeCacheSize                    = 251658240                              {pd product} {ergonomic}
     bool SegmentedCodeCache                       = true                                      {product} {ergonomic}
     bool ShowCodeDetailsInExceptionMessages       = true                                   {manageable} {command line}
   size_t SoftMaxHeapSize                          = 4265607168                             {manageable} {ergonomic}
     bool UseCompressedClassPointers               = true                                 {lp64_product} {ergonomic}
     bool UseCompressedOops                        = true                                 {lp64_product} {ergonomic}
     bool UseG1GC                                  = true                                      {product} {ergonomic}
     bool UseLargePagesIndividualAllocation        = false                                  {pd product} {ergonomic}

Logging:
Log output configuration:
 #0: stdout all=warning uptime,level,tags
 #1: stderr all=off uptime,level,tags

Environment Variables:
PATH=C:/Program Files/Java/jdk-14.0.1/bin/server;C:/Program Files/Java/jdk-14.0.1/bin;C:\Program Files (x86)\VMware\VMware Player\bin\;C:\Users\dw1b\Documents\OracleInstalador\Oracle\bin;C:\Program Files (x86)\Common Files\Oracle\Java\javapath;C:\WINDOWS\system32;C:\WINDOWS;C:\WINDOWS\System32\Wbem;C:\WINDOWS\System32\WindowsPowerShell\v1.0\;C:\WINDOWS\System32\OpenSSH\;C:\Users\dw1b\Desktop;
USERNAME=dw1b
OS=Windows_NT
PROCESSOR_IDENTIFIER=Intel64 Family 6 Model 158 Stepping 9, GenuineIntel



---------------  S Y S T E M  ---------------

OS: Windows 10 , 64 bit Build 19041 (10.0.19041.662)
OS uptime: 2 days 14:44 hours

CPU:total 8 (initial active 8) (4 cores per cpu, 2 threads per core) family 6 model 158 stepping 9, cmov, cx8, fxsr, mmx, sse, sse2, sse3, ssse3, sse4.1, sse4.2, popcnt, avx, avx2, aes, clmul, erms, rtm, 3dnowpref, lzcnt, ht, tsc, tscinvbit, bmi1, bmi2, adx, fma

Memory: 4k page, system-wide physical 16270M (11250M free)
TotalPageFile size 18702M (AvailPageFile size 4819M)
current process WorkingSet (physical memory assigned to process): 43M, peak: 44M
current process commit charge ("private bytes"): 350M, peak: 351M

vm_info: Java HotSpot(TM) 64-Bit Server VM (14.0.1+7) for windows-amd64 JRE (14.0.1+7), built on Mar  5 2020 10:30:14 by "mach5one" with MS VC++ 15.9 (VS2017)

END.
